Mon Nov 12 10:51:55 2018: build-wrapper, version 5.1 (macosx-x86)
Mon Nov 12 10:51:55 2018: System name: Darwin Nodename: e3r6p19.42.fr Release: 16.7.0 Version: Darwin Kernel Version 16.7.0: Thu Jun 15 17:36:27 PDT 2017; root:xnu-3789.70.16~2/RELEASE_X86_64 Machine: x86_64
Mon Nov 12 10:51:55 2018: socket path: /tmp/build-wrapper-socket.VE9s9V
Mon Nov 12 10:51:55 2018: dynamic library found: /Users/mascagli/sonar/bin/libinterceptor.dylib
Mon Nov 12 10:51:55 2018: command executed as: <build-wrapper-macosx-x86>
Mon Nov 12 10:51:55 2018: command line received: <make clean all>
Mon Nov 12 10:51:55 2018: env 0: <TERM_PROGRAM=Apple_Terminal>
Mon Nov 12 10:51:55 2018: env 1: <SHELL=/bin/zsh>
Mon Nov 12 10:51:55 2018: env 2: <TERM=xterm-256color>
Mon Nov 12 10:51:55 2018: env 3: <TMPDIR=/var/folders/zz/zyxvpxvq6csfxvn_n0003xsm000zfd/T/>
Mon Nov 12 10:51:55 2018: env 4: <Apple_PubSub_Socket_Render=/private/tmp/com.apple.launchd.6hVuymS9WQ/Render>
Mon Nov 12 10:51:55 2018: env 5: <TERM_PROGRAM_VERSION=388.1.1>
Mon Nov 12 10:51:55 2018: env 6: <TERM_SESSION_ID=B84C1F5B-C095-457E-AA7E-9DE6514008F3>
Mon Nov 12 10:51:55 2018: env 7: <USER=mascagli>
Mon Nov 12 10:51:55 2018: env 8: <SSH_AUTH_SOCK=/private/tmp/com.apple.launchd.ckpsEJqnAo/Listeners>
Mon Nov 12 10:51:55 2018: env 9: <__CF_USER_TEXT_ENCODING=0x7DCD:0x0:0x0>
Mon Nov 12 10:51:55 2018: env 10: <PATH=/Users/mascagli/sonar/bin:/usr/bin:/bin:/usr/sbin:/sbin:/usr/local/bin:/Library/Frameworks/Mono.framework/Versions/Current/Commands:/usr/local/munki>
Mon Nov 12 10:51:55 2018: env 11: <PWD=/Users/mascagli/Documents/GitHub/42/libft>
Mon Nov 12 10:51:55 2018: env 12: <LANG=en_US.UTF-8>
Mon Nov 12 10:51:55 2018: env 13: <XPC_FLAGS=0x0>
Mon Nov 12 10:51:55 2018: env 14: <XPC_SERVICE_NAME=0>
Mon Nov 12 10:51:55 2018: env 15: <SHLVL=1>
Mon Nov 12 10:51:55 2018: env 16: <HOME=/Users/mascagli>
Mon Nov 12 10:51:55 2018: env 17: <LOGNAME=mascagli>
Mon Nov 12 10:51:55 2018: env 18: <OLDPWD=/Users/mascagli/Documents/GitHub>
Mon Nov 12 10:51:55 2018: env 19: <ZSH=/Users/mascagli/.oh-my-zsh>
Mon Nov 12 10:51:55 2018: env 20: <PAGER=less>
Mon Nov 12 10:51:55 2018: env 21: <LESS=-R>
Mon Nov 12 10:51:55 2018: env 22: <LC_CTYPE=en_US.UTF-8>
Mon Nov 12 10:51:55 2018: env 23: <LSCOLORS=Gxfxcxdxbxegedabagacad>
Mon Nov 12 10:51:55 2018: env 24: <_=/Users/mascagli/sonar/bin/build-wrapper-macosx-x86>
Mon Nov 12 10:51:55 2018: executing: <make clean all>
Mon Nov 12 10:51:55 2018: initializing json file
Mon Nov 12 10:51:55 2018: process created with pid: 82523
Mon Nov 12 10:51:55 2018: parent pid: 82522
Mon Nov 12 10:51:55 2018: working directory: </Users/mascagli/Documents/GitHub/42/libft>
Mon Nov 12 10:51:55 2018: executable: </Users/mascagli/sonar/bin/build-wrapper-macosx-x86>
Mon Nov 12 10:51:55 2018: argv[0]: <build-wrapper-macosx-x86>
Mon Nov 12 10:51:55 2018: argv[1]: <-c>
Mon Nov 12 10:51:55 2018: argv[2]: <>
Mon Nov 12 10:51:55 2018: argv[3]: <make>
Mon Nov 12 10:51:55 2018: argv[4]: <clean>
Mon Nov 12 10:51:55 2018: argv[5]: <all>
Mon Nov 12 10:51:55 2018: skipping process with pid: 82523
Mon Nov 12 10:51:55 2018: process created with pid: 82524
Mon Nov 12 10:51:55 2018: parent pid: 82523
Mon Nov 12 10:51:55 2018: working directory: </Users/mascagli/Documents/GitHub/42/libft>
Mon Nov 12 10:51:55 2018: executable: </private/tmp/sonarsource-build-wrapper-cache-32205/usr/bin/make>
Mon Nov 12 10:51:55 2018: argv[0]: <make>
Mon Nov 12 10:51:55 2018: argv[1]: <clean>
Mon Nov 12 10:51:55 2018: argv[2]: <all>
Mon Nov 12 10:51:55 2018: skipping process with pid: 82524
Mon Nov 12 10:51:55 2018: process created with pid: 82524
Mon Nov 12 10:51:55 2018: parent pid: 82523
Mon Nov 12 10:51:55 2018: working directory: </Users/mascagli/Documents/GitHub/42/libft>
Mon Nov 12 10:51:55 2018: executable: </Applications/Xcode.app/Contents/Developer/usr/bin/make>
Mon Nov 12 10:51:55 2018: argv[0]: </Applications/Xcode.app/Contents/Developer/usr/bin/make>
Mon Nov 12 10:51:55 2018: argv[1]: <clean>
Mon Nov 12 10:51:55 2018: argv[2]: <all>
Mon Nov 12 10:51:55 2018: skipping process with pid: 82524
Mon Nov 12 10:51:55 2018: process created with pid: 82525
Mon Nov 12 10:51:55 2018: parent pid: 82524
Mon Nov 12 10:51:55 2018: working directory: </Users/mascagli/Documents/GitHub/42/libft>
Mon Nov 12 10:51:55 2018: executable: </private/tmp/sonarsource-build-wrapper-cache-32205/bin/rm>
Mon Nov 12 10:51:55 2018: argv[0]: <rm>
Mon Nov 12 10:51:55 2018: argv[1]: <-rf>
Mon Nov 12 10:51:55 2018: argv[2]: <./ft_putchar.o>
Mon Nov 12 10:51:55 2018: argv[3]: <./ft_swap.o>
Mon Nov 12 10:51:55 2018: argv[4]: <./ft_putstr.o>
Mon Nov 12 10:51:55 2018: argv[5]: <./ft_strlen.o>
Mon Nov 12 10:51:55 2018: argv[6]: <./ft_strcmp.o>
Mon Nov 12 10:51:55 2018: argv[7]: <./ft_memset.o>
Mon Nov 12 10:51:55 2018: argv[8]: <./ft_memcmp.o>
Mon Nov 12 10:51:55 2018: argv[9]: <./ft_atoi.o>
Mon Nov 12 10:51:55 2018: argv[10]: <./ft_itoa.o>
Mon Nov 12 10:51:55 2018: argv[11]: <./ft_memalloc.o>
Mon Nov 12 10:51:55 2018: argv[12]: <./ft_strncpy.o>
Mon Nov 12 10:51:55 2018: argv[13]: <./ft_strcpy.o>
Mon Nov 12 10:51:55 2018: argv[14]: <./ft_strdup.o>
Mon Nov 12 10:51:55 2018: argv[15]: <./ft_isalpha.o>
Mon Nov 12 10:51:55 2018: argv[16]: <./ft_isdigit.o>
Mon Nov 12 10:51:55 2018: argv[17]: <./ft_isalnum.o>
Mon Nov 12 10:51:55 2018: argv[18]: <./ft_isascii.o>
Mon Nov 12 10:51:55 2018: argv[19]: <./ft_isprint.o>
Mon Nov 12 10:51:55 2018: argv[20]: <./ft_toupper.o>
Mon Nov 12 10:51:55 2018: argv[21]: <./ft_tolower.o>
Mon Nov 12 10:51:55 2018: argv[22]: <./ft_strncmp.o>
Mon Nov 12 10:51:55 2018: argv[23]: <./ft_strcat.o>
Mon Nov 12 10:51:55 2018: argv[24]: <./ft_strlcat.o>
Mon Nov 12 10:51:55 2018: argv[25]: <./ft_strncat.o>
Mon Nov 12 10:51:55 2018: argv[26]: <./ft_strstr.o>
Mon Nov 12 10:51:55 2018: argv[27]: <./ft_strnstr.o>
Mon Nov 12 10:51:55 2018: argv[28]: <./ft_bzero.o>
Mon Nov 12 10:51:55 2018: argv[29]: <./ft_memcpy.o>
Mon Nov 12 10:51:55 2018: argv[30]: <./ft_memchr.o>
Mon Nov 12 10:51:55 2018: argv[31]: <./ft_memccpy.o>
Mon Nov 12 10:51:55 2018: argv[32]: <./ft_memmove.o>
Mon Nov 12 10:51:55 2018: argv[33]: <./ft_putnbr.o>
Mon Nov 12 10:51:55 2018: argv[34]: <./ft_strchr.o>
Mon Nov 12 10:51:55 2018: argv[35]: <./ft_memdel.o>
Mon Nov 12 10:51:55 2018: argv[36]: <./ft_strnew.o>
Mon Nov 12 10:51:55 2018: argv[37]: <./ft_strdel.o>
Mon Nov 12 10:51:55 2018: argv[38]: <./ft_strclr.o>
Mon Nov 12 10:51:55 2018: argv[39]: <./ft_striter.o>
Mon Nov 12 10:51:55 2018: argv[40]: <./ft_striteri.o>
Mon Nov 12 10:51:55 2018: argv[41]: <./ft_strmap.o>
Mon Nov 12 10:51:55 2018: argv[42]: <./ft_strmapi.o>
Mon Nov 12 10:51:55 2018: argv[43]: <./ft_strequ.o>
Mon Nov 12 10:51:55 2018: argv[44]: <./ft_strnequ.o>
Mon Nov 12 10:51:55 2018: argv[45]: <./ft_strsub.o>
Mon Nov 12 10:51:55 2018: argv[46]: <./ft_strjoin.o>
Mon Nov 12 10:51:55 2018: argv[47]: <./ft_strtrim.o>
Mon Nov 12 10:51:55 2018: argv[48]: <./ft_strsplit.o>
Mon Nov 12 10:51:55 2018: argv[49]: <./ft_putendl.o>
Mon Nov 12 10:51:55 2018: argv[50]: <./ft_putchar_fd.o>
Mon Nov 12 10:51:55 2018: argv[51]: <./ft_putstr_fd.o>
Mon Nov 12 10:51:55 2018: argv[52]: <./ft_putendl_fd.o>
Mon Nov 12 10:51:55 2018: argv[53]: <./ft_putnbr_fd.o>
Mon Nov 12 10:51:55 2018: argv[54]: <./ft_strrchr.o>
Mon Nov 12 10:51:55 2018: argv[55]: <./ft_lstnew.o>
Mon Nov 12 10:51:55 2018: argv[56]: <./ft_lstdelone.o>
Mon Nov 12 10:51:55 2018: argv[57]: <./ft_lstdel.o>
Mon Nov 12 10:51:55 2018: argv[58]: <./ft_lstadd.o>
Mon Nov 12 10:51:55 2018: argv[59]: <./ft_lstiter.o>
Mon Nov 12 10:51:55 2018: argv[60]: <./ft_lstmap.o>
Mon Nov 12 10:51:55 2018: skipping process with pid: 82525
Mon Nov 12 10:51:55 2018: finalizing json file
Mon Nov 12 10:51:55 2018: returned with code: 2
